TN:
SF:/parse-server/cloud/src/main.js
FN:4,(anonymous_0)
FN:8,(anonymous_1)
FN:12,(anonymous_2)
FN:16,(anonymous_3)
FN:22,(anonymous_4)
FN:31,(anonymous_5)
FN:40,(anonymous_6)
FN:46,(anonymous_7)
FNF:8
FNH:8
FNDA:2,(anonymous_0)
FNDA:2,(anonymous_1)
FNDA:2,(anonymous_2)
FNDA:2,(anonymous_3)
FNDA:2,(anonymous_4)
FNDA:2,(anonymous_5)
FNDA:2,(anonymous_6)
FNDA:2,(anonymous_7)
DA:2,4
DA:4,4
DA:5,2
DA:8,4
DA:9,2
DA:12,4
DA:13,2
DA:16,4
DA:17,2
DA:19,2
DA:22,4
DA:23,2
DA:24,2
DA:26,2
DA:28,2
DA:31,4
DA:32,2
DA:33,2
DA:35,2
DA:37,2
DA:40,4
DA:41,2
DA:43,2
DA:46,4
DA:47,2
DA:49,2
LF:26
LH:26
BRF:0
BRH:0
end_of_record
TN:
SF:/parse-server/cloud/src/otherFile.js
FN:2,(anonymous_0)
FN:6,(anonymous_1)
FN:12,(anonymous_2)
FNF:3
FNH:3
FNDA:8,(anonymous_0)
FNDA:2,(anonymous_1)
FNDA:2,(anonymous_2)
DA:2,4
DA:3,8
DA:6,4
DA:7,2
DA:9,2
DA:12,4
DA:13,2
DA:15,2
LF:8
LH:8
BRF:0
BRH:0
end_of_record
